<?xml version="1.0" encoding="UTF-8"?>
<!-- Generated by org.testng.reporters.JUnitXMLReporter -->
<testsuite ignored="0" hostname="DESKTOP-KI27Q0G" failures="0" tests="3" name="Test" time="62.803" errors="0" timestamp="2023-01-16T02:26:50 IST">
  <testcase classname="com.cognizant.hackathon.AppTest" name="webDevelopmentTest" time="9.431"/>
  <testcase classname="com.cognizant.hackathon.AppTest" name="languageLearningTest" time="6.269"/>
  <testcase classname="com.cognizant.hackathon.AppTest" name="readyToTransFormTest" time="19.103"/>
</testsuite> <!-- Test -->
