<?xml version="1.0" encoding="UTF-8"?>
<testng-results ignored="0" total="3" passed="3" failed="0" skipped="0">
  <reporter-output>
  </reporter-output>
  <suite started-at="2023-01-16T02:25:48 IST" name="Suite" finished-at="2023-01-16T02:26:50 IST" duration-ms="62803">
    <groups>
    </groups>
    <test started-at="2023-01-16T02:25:48 IST" name="Test" finished-at="2023-01-16T02:26:50 IST" duration-ms="62803">
      <class name="com.cognizant.hackathon.AppTest">
        <test-method is-config="true" signature="invokeBrowser()[pri:0, instance:com.cognizant.hackathon.AppTest@3943a2be]" started-at="2023-01-16T02:25:48 IST" name="invokeBrowser" finished-at="2023-01-16T02:25:54 IST" duration-ms="6353" status="PASS">
          <reporter-output>
          </reporter-output>
        </test-method> <!-- invokeBrowser -->
        <test-method signature="webDevelopmentTest()[pri:1, instance:com.cognizant.hackathon.AppTest@3943a2be]" started-at="2023-01-16T02:25:54 IST" name="webDevelopmentTest" finished-at="2023-01-16T02:26:03 IST" duration-ms="9431" status="PASS">
          <reporter-output>
          </reporter-output>
        </test-method> <!-- webDevelopmentTest -->
        <test-method is-config="true" signature="closeBrowser()[pri:0, instance:com.cognizant.hackathon.AppTest@3943a2be]" started-at="2023-01-16T02:26:03 IST" name="closeBrowser" finished-at="2023-01-16T02:26:04 IST" duration-ms="490" status="PASS">
          <reporter-output>
          </reporter-output>
        </test-method> <!-- closeBrowser -->
        <test-method is-config="true" signature="invokeBrowser()[pri:0, instance:com.cognizant.hackathon.AppTest@3943a2be]" started-at="2023-01-16T02:26:04 IST" name="invokeBrowser" finished-at="2023-01-16T02:26:11 IST" duration-ms="7214" status="PASS">
          <reporter-output>
          </reporter-output>
        </test-method> <!-- invokeBrowser -->
        <test-method signature="languageLearningTest()[pri:2, instance:com.cognizant.hackathon.AppTest@3943a2be]" started-at="2023-01-16T02:26:11 IST" name="languageLearningTest" finished-at="2023-01-16T02:26:17 IST" duration-ms="6269" status="PASS">
          <reporter-output>
          </reporter-output>
        </test-method> <!-- languageLearningTest -->
        <test-method is-config="true" signature="closeBrowser()[pri:0, instance:com.cognizant.hackathon.AppTest@3943a2be]" started-at="2023-01-16T02:26:17 IST" name="closeBrowser" finished-at="2023-01-16T02:26:18 IST" duration-ms="293" status="PASS">
          <reporter-output>
          </reporter-output>
        </test-method> <!-- closeBrowser -->
        <test-method is-config="true" signature="invokeBrowser()[pri:0, instance:com.cognizant.hackathon.AppTest@3943a2be]" started-at="2023-01-16T02:26:18 IST" name="invokeBrowser" finished-at="2023-01-16T02:26:31 IST" duration-ms="13317" status="PASS">
          <reporter-output>
          </reporter-output>
        </test-method> <!-- invokeBrowser -->
        <test-method signature="readyToTransFormTest()[pri:3, instance:com.cognizant.hackathon.AppTest@3943a2be]" started-at="2023-01-16T02:26:31 IST" name="readyToTransFormTest" finished-at="2023-01-16T02:26:50 IST" duration-ms="19103" status="PASS">
          <reporter-output>
          </reporter-output>
        </test-method> <!-- readyToTransFormTest -->
        <test-method is-config="true" signature="closeBrowser()[pri:0, instance:com.cognizant.hackathon.AppTest@3943a2be]" started-at="2023-01-16T02:26:50 IST" name="closeBrowser" finished-at="2023-01-16T02:26:50 IST" duration-ms="300" status="PASS">
          <reporter-output>
          </reporter-output>
        </test-method> <!-- closeBrowser -->
      </class> <!-- com.cognizant.hackathon.AppTest -->
    </test> <!-- Test -->
  </suite> <!-- Suite -->
</testng-results>
